<?xml version="1.0" encoding="UTF-8"?>
<!-- Generated by org.testng.reporters.JUnitReportReporter -->
<testsuite hostname="LAPTOP-A9I32LNM" failures="0" tests="1" name="pagesTest.HomepageTest" time="17.188" errors="0" timestamp="2024-11-05T20:58:53 EST" skipped="0">
  <testcase classname="pagesTest.HomepageTest" name="clickLogoTest" time="17.188"/>
</testsuite> <!-- pagesTest.HomepageTest -->
